<?xml version="1.0" encoding="UTF-8"?>
<testng-results skipped="0" failed="0" ignored="0" total="1" passed="1">
  <reporter-output>
  </reporter-output>
  <suite name="Suite" duration-ms="17273" started-at="2021-11-21T14:45:08 IST" finished-at="2021-11-21T14:45:25 IST">
    <groups>
    </groups>
    <test name="Validating drop down" duration-ms="17273" started-at="2021-11-21T14:45:08 IST" finished-at="2021-11-21T14:45:25 IST">
      <class name="testCases.DropDowntest">
        <test-method status="PASS" signature="initialize()[pri:0, instance:testCases.DropDowntest@69a3d1d]" name="initialize" is-config="true" duration-ms="16974" started-at="2021-11-21T14:45:08 IST" finished-at="2021-11-21T14:45:25 IST">
          <reporter-output>
          </reporter-output>
        </test-method> <!-- initialize -->
        <test-method status="PASS" signature="performAction()[pri:0, instance:testCases.DropDowntest@69a3d1d]" name="performAction" duration-ms="221" started-at="2021-11-21T14:45:25 IST" finished-at="2021-11-21T14:45:25 IST">
          <reporter-output>
          </reporter-output>
        </test-method> <!-- performAction -->
      </class> <!-- testCases.DropDowntest -->
    </test> <!-- Validating drop down -->
  </suite> <!-- Suite -->
</testng-results>
