<?xml version="1.0" encoding="UTF-8"?>
<testng-results skipped="0" failed="0" ignored="0" total="1" passed="1">
  <reporter-output>
  </reporter-output>
  <suite name="Default suite" duration-ms="19653" started-at="2022-01-14T16:07:59 IST" finished-at="2022-01-14T16:08:18 IST">
    <groups>
    </groups>
    <test name="Default test" duration-ms="19653" started-at="2022-01-14T16:07:59 IST" finished-at="2022-01-14T16:08:18 IST">
      <class name="com.SeleniumUIAutomation.Test1">
        <test-method status="PASS" signature="initialize()[pri:0, instance:com.SeleniumUIAutomation.Test1@69a3d1d]" name="initialize" is-config="true" duration-ms="18907" started-at="2022-01-14T16:07:59 IST" finished-at="2022-01-14T16:08:17 IST">
          <reporter-output>
          </reporter-output>
        </test-method> <!-- initialize -->
        <test-method status="PASS" signature="testme()[pri:0, instance:com.SeleniumUIAutomation.Test1@69a3d1d]" name="testme" duration-ms="123" started-at="2022-01-14T16:08:17 IST" finished-at="2022-01-14T16:08:18 IST">
          <reporter-output>
          </reporter-output>
        </test-method> <!-- testme -->
        <test-method status="PASS" signature="tearDown()[pri:0, instance:com.SeleniumUIAutomation.Test1@69a3d1d]" name="tearDown" is-config="true" duration-ms="601" started-at="2022-01-14T16:08:18 IST" finished-at="2022-01-14T16:08:18 IST">
          <reporter-output>
          </reporter-output>
        </test-method> <!-- tearDown -->
      </class> <!-- com.SeleniumUIAutomation.Test1 -->
    </test> <!-- Default test -->
  </suite> <!-- Default suite -->
</testng-results>
